\BOOKMARK [0][-]{chapter*.5}{\376\377\000I\000n\000s\000t\000a\000l\000l\000a\000t\000i\000o\000n}{}% 1
\BOOKMARK [1][-]{section.1.1}{\376\377\000C\000o\000n\000d\000a\000\040\000e\000n\000v\000i\000r\000o\000n\000m\000e\000n\000t\000s\000\040}{chapter*.5}% 2
\BOOKMARK [1][-]{section.1.2}{\376\377\000A\000c\000t\000i\000v\000a\000t\000i\000n\000g\000\040\000a\000n\000\040\000e\000n\000v\000i\000r\000o\000n\000m\000e\000n\000t}{chapter*.5}% 3
\BOOKMARK [0][-]{chapter*.6}{\376\377\000s\000B\000L\000I\000S\000S}{}% 4
\BOOKMARK [1][-]{section.2.1}{\376\377\000S\000c\000a\000n\000\040\000f\000o\000r\000\040\000M\000a\000t\000c\000h\000e\000s\000\040}{chapter*.6}% 5
\BOOKMARK [1][-]{section.2.2}{\376\377\000A\000d\000a\000p\000t\000o\000r\000\040\000a\000n\000a\000t\000o\000m\000y\000\040}{chapter*.6}% 6
\BOOKMARK [1][-]{section.2.3}{\376\377\000V\000e\000r\000i\000f\000y\000\040\000F\000a\000s\000t\000q\000\040\000f\000i\000l\000e\000s\000\040}{chapter*.6}% 7
\BOOKMARK [1][-]{section.2.4}{\376\377\000D\000a\000t\000a\000\040\000p\000r\000o\000c\000e\000s\000s\000i\000n\000g\000\040}{chapter*.6}% 8
\BOOKMARK [2][-]{subsection.2.4.1}{\376\377\000B\000a\000s\000h\000\040\000s\000c\000r\000i\000p\000t\000\040\000f\000o\000r\000\040\000s\000a\000m\000p\000l\000e\000\040\000f\000i\000l\000e}{section.2.4}% 9
\BOOKMARK [1][-]{section.2.5}{\376\377\000P\000e\000a\000k\000\040\000c\000a\000l\000l\000i\000n\000g\000\040}{chapter*.6}% 10
\BOOKMARK [1][-]{section.2.6}{\376\377\000D\000a\000t\000a\000\040\000a\000n\000a\000l\000y\000s\000i\000s\000\040}{chapter*.6}% 11
\BOOKMARK [0][-]{chapter*.13}{\376\377\000C\000H\000I\000P\000s\000e\000q}{}% 12
\BOOKMARK [1][-]{section.3.1}{\376\377\000P\000r\000e\000p\000a\000r\000i\000n\000g\000\040\000a\000n\000d\000\040\000l\000a\000u\000n\000c\000h\000i\000n\000g\000\040\000a\000\040\000r\000u\000n\000\040}{chapter*.13}% 13
\BOOKMARK [1][-]{section.3.2}{\376\377\000N\000a\000v\000i\000g\000a\000t\000i\000n\000g\000\040\000t\000h\000e\000\040\000r\000e\000s\000u\000l\000t\000s}{chapter*.13}% 14
\BOOKMARK [1][-]{section.3.3}{\376\377\000D\000a\000t\000a\000\040\000a\000n\000a\000l\000y\000s\000i\000s\000\040}{chapter*.13}% 15
\BOOKMARK [0][-]{chapter*.14}{\376\377\000R\000N\000A\000s\000e\000q}{}% 16
\BOOKMARK [1][-]{section.4.1}{\376\377\000P\000r\000e\000p\000a\000r\000i\000n\000g\000\040\000a\000\040\000r\000u\000n\000\040}{chapter*.14}% 17
\BOOKMARK [2][-]{subsection.4.1.1}{\376\377\000S\000T\000A\000R\000\040\000a\000l\000i\000g\000n\000e\000r\000\040\000c\000a\000v\000e\000a\000t}{section.4.1}% 18
\BOOKMARK [2][-]{subsection.4.1.2}{\376\377\000A\000d\000d\000i\000n\000g\000\040\000s\000a\000m\000p\000l\000e\000s\000\040\000t\000o\000\040\000a\000\040\000r\000u\000n\000\040}{section.4.1}% 19
\BOOKMARK [1][-]{section.4.2}{\376\377\000L\000a\000u\000n\000c\000h\000i\000n\000g\000\040\000t\000h\000e\000\040\000s\000c\000r\000i\000p\000t\000\040}{chapter*.14}% 20
\BOOKMARK [1][-]{section.4.3}{\376\377\000N\000a\000v\000i\000g\000a\000t\000i\000n\000g\000\040\000t\000h\000e\000\040\000r\000e\000s\000u\000l\000t\000s\000\040}{chapter*.14}% 21
\BOOKMARK [1][-]{section.4.4}{\376\377\000D\000a\000t\000a\000\040\000a\000n\000a\000l\000y\000s\000i\000s\000\040}{chapter*.14}% 22
\BOOKMARK [0][-]{chapter*.15}{\376\377\000G\000L\000O\000E\000-\000s\000e\000q}{}% 23
\BOOKMARK [1][-]{section.5.1}{\376\377\000T\000w\000o\000\040\000d\000i\000f\000f\000e\000r\000e\000n\000t\000\040\000a\000p\000p\000r\000o\000a\000c\000h\000e\000s\000\040}{chapter*.15}% 24
\BOOKMARK [1][-]{section.5.2}{\376\377\000D\000a\000t\000a\000\040\000p\000r\000o\000c\000e\000s\000s\000i\000n\000g\000\040}{chapter*.15}% 25
\BOOKMARK [1][-]{section.5.3}{\376\377\000D\000a\000t\000a\000\040\000a\000n\000a\000l\000y\000s\000i\000s\000\040}{chapter*.15}% 26
\BOOKMARK [0][-]{chapter*.16}{\376\377\000Q\000u\000a\000l\000i\000t\000y\000\040\000C\000o\000n\000t\000r\000o\000l}{}% 27
\BOOKMARK [1][-]{section.6.1}{\376\377\000F\000a\000s\000t\000Q\000C\000\040}{chapter*.16}% 28
\BOOKMARK [2][-]{subsection.6.1.1}{\376\377\000P\000e\000r\000\040\000s\000e\000q\000u\000e\000n\000c\000e\000\040\000q\000u\000a\000l\000i\000t\000y\000\040}{section.6.1}% 29
\BOOKMARK [2][-]{subsection.6.1.2}{\376\377\000P\000e\000r\000\040\000b\000a\000s\000e\000\040\000s\000e\000q\000u\000e\000n\000c\000e\000\040\000c\000o\000n\000t\000e\000n\000t\000\040}{section.6.1}% 30
\BOOKMARK [2][-]{subsection.6.1.3}{\376\377\000P\000e\000r\000\040\000s\000e\000q\000u\000e\000n\000c\000e\000\040\000G\000C\000\040\000c\000o\000n\000t\000e\000n\000t\000\040}{section.6.1}% 31
\BOOKMARK [2][-]{subsection.6.1.4}{\376\377\000P\000e\000r\000\040\000b\000a\000s\000e\000\040\000N\000\040\000c\000o\000n\000t\000e\000n\000t\000\040}{section.6.1}% 32
\BOOKMARK [2][-]{subsection.6.1.5}{\376\377\000S\000e\000q\000u\000e\000n\000c\000e\000\040\000l\000e\000n\000g\000t\000h\000\040\000d\000i\000s\000t\000r\000i\000b\000u\000t\000i\000o\000n\000\040}{section.6.1}% 33
\BOOKMARK [2][-]{subsection.6.1.6}{\376\377\000S\000e\000q\000u\000e\000n\000c\000e\000\040\000D\000u\000p\000l\000i\000c\000a\000t\000i\000o\000n\000\040\000L\000e\000v\000e\000l\000s\000\040}{section.6.1}% 34
\BOOKMARK [2][-]{subsection.6.1.7}{\376\377\000O\000v\000e\000r\000r\000e\000p\000r\000e\000s\000e\000n\000t\000e\000d\000\040\000s\000e\000q\000u\000e\000n\000c\000e\000s\000\040}{section.6.1}% 35
\BOOKMARK [2][-]{subsection.6.1.8}{\376\377\000A\000d\000a\000p\000t\000e\000r\000\040\000c\000o\000n\000t\000e\000n\000t\000\040}{section.6.1}% 36
\BOOKMARK [1][-]{section.6.2}{\376\377\000F\000a\000s\000t\000\040\000S\000c\000r\000e\000e\000n\000\040}{chapter*.16}% 37
\BOOKMARK [1][-]{section.6.3}{\376\377\000M\000A\000P\000Q}{chapter*.16}% 38
\BOOKMARK [1][-]{section.6.4}{\376\377\000Q\000u\000a\000l\000i\000M\000a\000p\000\040}{chapter*.16}% 39
\BOOKMARK [2][-]{subsection.6.4.1}{\376\377\000C\000o\000v\000e\000r\000a\000g\000e\000\040\000a\000c\000r\000o\000s\000s\000\040\000r\000e\000f\000e\000r\000e\000n\000c\000e\000\040}{section.6.4}% 40
\BOOKMARK [2][-]{subsection.6.4.2}{\376\377\000H\000o\000m\000o\000p\000o\000l\000y\000m\000e\000r\000\040\000I\000n\000d\000e\000l\000s\000\040}{section.6.4}% 41
\BOOKMARK [2][-]{subsection.6.4.3}{\376\377\000M\000a\000p\000p\000i\000n\000g\000\040\000Q\000u\000a\000l\000i\000t\000y\000\040\000H\000i\000s\000t\000o\000g\000r\000a\000m\000\040}{section.6.4}% 42
\BOOKMARK [0][-]{chapter*.18}{\376\377\000T\000o\000o\000l\000s}{}% 43
\BOOKMARK [1][-]{section.7.1}{\376\377\000T\000r\000i\000m\000m\000i\000n\000g\000\040}{chapter*.18}% 44
\BOOKMARK [1][-]{section.7.2}{\376\377\000M\000a\000p\000p\000i\000n\000g\000\040}{chapter*.18}% 45
\BOOKMARK [2][-]{subsection.7.2.1}{\376\377\000G\000e\000n\000o\000m\000e\000\040\000r\000e\000f\000e\000r\000e\000n\000c\000e\000\040\000f\000i\000l\000e\000s}{section.7.2}% 46
\BOOKMARK [2][-]{subsection.7.2.2}{\376\377\000I\000n\000c\000l\000u\000d\000e\000d\000\040\000g\000e\000n\000o\000m\000e\000s\000\040}{section.7.2}% 47
\BOOKMARK [2][-]{subsection.7.2.3}{\376\377\000B\000l\000a\000c\000k\000l\000i\000s\000t\000e\000d\000\040\000r\000e\000g\000i\000o\000n\000s\000\040}{section.7.2}% 48
\BOOKMARK [1][-]{section.7.3}{\376\377\000S\000o\000r\000t\000i\000n\000g\000\040\000w\000i\000t\000h\000\040\000S\000a\000m\000t\000o\000o\000l\000s\000\040}{chapter*.18}% 49
\BOOKMARK [1][-]{section.7.4}{\376\377\000P\000e\000a\000k\000\040\000C\000a\000l\000l\000i\000n\000g\000\040}{chapter*.18}% 50
\BOOKMARK [2][-]{subsection.7.4.1}{\376\377\000U\000n\000d\000e\000r\000s\000t\000a\000n\000d\000i\000n\000g\000\040\000d\000u\000p\000l\000i\000c\000a\000t\000e\000s\000\040}{section.7.4}% 51
\BOOKMARK [1][-]{section.7.5}{\376\377\000C\000o\000u\000n\000t\000i\000n\000g\000\040\000f\000e\000a\000t\000u\000r\000e\000s\000\040}{chapter*.18}% 52
\BOOKMARK [0][-]{chapter*.21}{\376\377\000F\000i\000l\000e\000\040\000t\000y\000p\000e\000s}{}% 53
\BOOKMARK [1][-]{section.8.1}{\376\377\000F\000a\000s\000t\000q\000\040\000f\000i\000l\000e\000s\000\040}{chapter*.21}% 54
\BOOKMARK [1][-]{section.8.2}{\376\377\000B\000A\000M\000\040\000a\000n\000d\000\040\000S\000A\000M\000\040\000f\000i\000l\000e\000s\000\040}{chapter*.21}% 55
\BOOKMARK [0][-]{chapter*.22}{\376\377\000M\000i\000s\000c\000e\000l\000l\000a\000n\000e\000o\000u\000s}{}% 56
\BOOKMARK [1][-]{section.8.1}{\376\377\000S\000i\000n\000g\000l\000e\000-\000e\000n\000d\000\040\000v\000s\000\040\000P\000a\000i\000r\000e\000d\000-\000e\000n\000d\000\040}{chapter*.22}% 57
\BOOKMARK [1][-]{section.8.2}{\376\377\000G\000l\000o\000g\000g\000\040}{chapter*.22}% 58
\BOOKMARK [1][-]{section.8.3}{\376\377\000C\000o\000m\000p\000u\000t\000e\000r\000\040\000t\000e\000r\000m\000i\000n\000a\000l\000\040}{chapter*.22}% 59
\BOOKMARK [2][-]{subsection.8.3.1}{\376\377\000D\000a\000n\000g\000e\000r\000s\000\040\000o\000f\000\040\000t\000h\000e\000\040\000t\000e\000r\000m\000i\000n\000a\000l}{section.8.3}% 60
\BOOKMARK [2][-]{subsection.8.3.2}{\376\377\000F\000i\000l\000e\000\040\000p\000e\000r\000m\000i\000s\000s\000i\000o\000n\000s}{section.8.3}% 61
