This is pdfTeX, Version 3.141592653-2.6-1.40.22 (TeX Live 2022/dev/Debian) (preloaded format=pdflatex 2024.10.30)  1 JUL 2025 12:58
entering extended mode
 restricted \write18 enabled.
 %&-line parsing enabled.
**main.tex
(./main.tex
LaTeX2e <2021-11-15> patch level 1
L3 programming layer <2022-01-21>
(/usr/share/texlive/texmf-dist/tex/latex/base/report.cls
Document Class: report 2021/10/04 v1.4n Standard LaTeX document class
(/usr/share/texlive/texmf-dist/tex/latex/base/size11.clo
File: size11.clo 2021/10/04 v1.4n Standard LaTeX file (size option)
)
\c@part=\count185
\c@chapter=\count186
\c@section=\count187
\c@subsection=\count188
\c@subsubsection=\count189
\c@paragraph=\count190
\c@subparagraph=\count191
\c@figure=\count192
\c@table=\count193
\abovecaptionskip=\skip47
\belowcaptionskip=\skip48
\bibindent=\dimen138
)
(/usr/share/texlive/texmf-dist/tex/latex/graphics/graphicx.sty
Package: graphicx 2021/09/16 v1.2d Enhanced LaTeX Graphics (DPC,SPQR)

(/usr/share/texlive/texmf-dist/tex/latex/graphics/keyval.sty
Package: keyval 2014/10/28 v1.15 key=value parser (DPC)
\KV@toks@=\toks16
)
(/usr/share/texlive/texmf-dist/tex/latex/graphics/graphics.sty
Package: graphics 2021/03/04 v1.4d Standard LaTeX Graphics (DPC,SPQR)

(/usr/share/texlive/texmf-dist/tex/latex/graphics/trig.sty
Package: trig 2021/08/11 v1.11 sin cos tan (DPC)
)
(/usr/share/texlive/texmf-dist/tex/latex/graphics-cfg/graphics.cfg
File: graphics.cfg 2016/06/04 v1.11 sample graphics configuration
)
Package graphics Info: Driver file: pdftex.def on input line 107.

(/usr/share/texlive/texmf-dist/tex/latex/graphics-def/pdftex.def
File: pdftex.def 2020/10/05 v1.2a Graphics/color driver for pdftex
))
\Gin@req@height=\dimen139
\Gin@req@width=\dimen140
)
(/usr/share/texlive/texmf-dist/tex/latex/fancyhdr/fancyhdr.sty
Package: fancyhdr 2021/01/28 v4.0.1 Extensive control of page headers and foote
rs
\f@nch@headwidth=\skip49
\f@nch@O@elh=\skip50
\f@nch@O@erh=\skip51
\f@nch@O@olh=\skip52
\f@nch@O@orh=\skip53
\f@nch@O@elf=\skip54
\f@nch@O@erf=\skip55
\f@nch@O@olf=\skip56
\f@nch@O@orf=\skip57
)
(/usr/share/texlive/texmf-dist/tex/latex/geometry/geometry.sty
Package: geometry 2020/01/02 v5.9 Page Geometry

(/usr/share/texlive/texmf-dist/tex/generic/iftex/ifvtex.sty
Package: ifvtex 2019/10/25 v1.7 ifvtex legacy package. Use iftex instead.

(/usr/share/texlive/texmf-dist/tex/generic/iftex/iftex.sty
Package: iftex 2020/03/06 v1.0d TeX engine tests
))
\Gm@cnth=\count194
\Gm@cntv=\count195
\c@Gm@tempcnt=\count196
\Gm@bindingoffset=\dimen141
\Gm@wd@mp=\dimen142
\Gm@odd@mp=\dimen143
\Gm@even@mp=\dimen144
\Gm@layoutwidth=\dimen145
\Gm@layoutheight=\dimen146
\Gm@layouthoffset=\dimen147
\Gm@layoutvoffset=\dimen148
\Gm@dimlist=\toks17
)
(/usr/share/texlive/texmf-dist/tex/latex/hyperref/hyperref.sty
Package: hyperref 2021-06-07 v7.00m Hypertext links for LaTeX

(/usr/share/texlive/texmf-dist/tex/generic/ltxcmds/ltxcmds.sty
Package: ltxcmds 2020-05-10 v1.25 LaTeX kernel commands for general use (HO)
)
(/usr/share/texlive/texmf-dist/tex/generic/pdftexcmds/pdftexcmds.sty
Package: pdftexcmds 2020-06-27 v0.33 Utility functions of pdfTeX for LuaTeX (HO
)

(/usr/share/texlive/texmf-dist/tex/generic/infwarerr/infwarerr.sty
Package: infwarerr 2019/12/03 v1.5 Providing info/warning/error messages (HO)
)
Package pdftexcmds Info: \pdf@primitive is available.
Package pdftexcmds Info: \pdf@ifprimitive is available.
Package pdftexcmds Info: \pdfdraftmode found.
)
(/usr/share/texlive/texmf-dist/tex/generic/kvsetkeys/kvsetkeys.sty
Package: kvsetkeys 2019/12/15 v1.18 Key value parser (HO)
)
(/usr/share/texlive/texmf-dist/tex/generic/kvdefinekeys/kvdefinekeys.sty
Package: kvdefinekeys 2019-12-19 v1.6 Define keys (HO)
)
(/usr/share/texlive/texmf-dist/tex/generic/pdfescape/pdfescape.sty
Package: pdfescape 2019/12/09 v1.15 Implements pdfTeX's escape features (HO)
)
(/usr/share/texlive/texmf-dist/tex/latex/hycolor/hycolor.sty
Package: hycolor 2020-01-27 v1.10 Color options for hyperref/bookmark (HO)
)
(/usr/share/texlive/texmf-dist/tex/latex/letltxmacro/letltxmacro.sty
Package: letltxmacro 2019/12/03 v1.6 Let assignment for LaTeX macros (HO)
)
(/usr/share/texlive/texmf-dist/tex/latex/auxhook/auxhook.sty
Package: auxhook 2019-12-17 v1.6 Hooks for auxiliary files (HO)
)
(/usr/share/texlive/texmf-dist/tex/latex/kvoptions/kvoptions.sty
Package: kvoptions 2020-10-07 v3.14 Key value format for package options (HO)
)
\@linkdim=\dimen149
\Hy@linkcounter=\count197
\Hy@pagecounter=\count198

(/usr/share/texlive/texmf-dist/tex/latex/hyperref/pd1enc.def
File: pd1enc.def 2021-06-07 v7.00m Hyperref: PDFDocEncoding definition (HO)
Now handling font encoding PD1 ...
... no UTF-8 mapping file for font encoding PD1
)
(/usr/share/texlive/texmf-dist/tex/latex/hyperref/hyperref-langpatches.def
File: hyperref-langpatches.def 2021-06-07 v7.00m Hyperref: patches for babel la
nguages
)
(/usr/share/texlive/texmf-dist/tex/generic/intcalc/intcalc.sty
Package: intcalc 2019/12/15 v1.3 Expandable calculations with integers (HO)
)
(/usr/share/texlive/texmf-dist/tex/generic/etexcmds/etexcmds.sty
Package: etexcmds 2019/12/15 v1.7 Avoid name clashes with e-TeX commands (HO)
)
\Hy@SavedSpaceFactor=\count199

(/usr/share/texlive/texmf-dist/tex/latex/hyperref/puenc.def
File: puenc.def 2021-06-07 v7.00m Hyperref: PDF Unicode definition (HO)
Now handling font encoding PU ...
... no UTF-8 mapping file for font encoding PU
)
Package hyperref Info: Hyper figures OFF on input line 4192.
Package hyperref Info: Link nesting OFF on input line 4197.
Package hyperref Info: Hyper index ON on input line 4200.
Package hyperref Info: Plain pages OFF on input line 4207.
Package hyperref Info: Backreferencing OFF on input line 4212.
Package hyperref Info: Implicit mode ON; LaTeX internals redefined.
Package hyperref Info: Bookmarks ON on input line 4445.
\c@Hy@tempcnt=\count266

(/usr/share/texlive/texmf-dist/tex/latex/url/url.sty
\Urlmuskip=\muskip16
Package: url 2013/09/16  ver 3.4  Verb mode for urls, etc.
)
LaTeX Info: Redefining \url on input line 4804.
\XeTeXLinkMargin=\dimen150

(/usr/share/texlive/texmf-dist/tex/generic/bitset/bitset.sty
Package: bitset 2019/12/09 v1.3 Handle bit-vector datatype (HO)

(/usr/share/texlive/texmf-dist/tex/generic/bigintcalc/bigintcalc.sty
Package: bigintcalc 2019/12/15 v1.5 Expandable calculations on big integers (HO
)
))
\Fld@menulength=\count267
\Field@Width=\dimen151
\Fld@charsize=\dimen152
Package hyperref Info: Hyper figures OFF on input line 6076.
Package hyperref Info: Link nesting OFF on input line 6081.
Package hyperref Info: Hyper index ON on input line 6084.
Package hyperref Info: backreferencing OFF on input line 6091.
Package hyperref Info: Link coloring OFF on input line 6096.
Package hyperref Info: Link coloring with OCG OFF on input line 6101.
Package hyperref Info: PDF/A mode OFF on input line 6106.
LaTeX Info: Redefining \ref on input line 6146.
LaTeX Info: Redefining \pageref on input line 6150.

(/usr/share/texlive/texmf-dist/tex/latex/base/atbegshi-ltx.sty
Package: atbegshi-ltx 2021/01/10 v1.0c Emulation of the original atbegshi
package with kernel methods
)
\Hy@abspage=\count268
\c@Item=\count269
\c@Hfootnote=\count270
)
Package hyperref Info: Driver (autodetected): hpdftex.

(/usr/share/texlive/texmf-dist/tex/latex/hyperref/hpdftex.def
File: hpdftex.def 2021-06-07 v7.00m Hyperref driver for pdfTeX

(/usr/share/texlive/texmf-dist/tex/latex/base/atveryend-ltx.sty
Package: atveryend-ltx 2020/08/19 v1.0a Emulation of the original atveryend pac
kage
with kernel methods
)
\Fld@listcount=\count271
\c@bookmark@seq@number=\count272

(/usr/share/texlive/texmf-dist/tex/latex/rerunfilecheck/rerunfilecheck.sty
Package: rerunfilecheck 2019/12/05 v1.9 Rerun checks for auxiliary files (HO)

(/usr/share/texlive/texmf-dist/tex/generic/uniquecounter/uniquecounter.sty
Package: uniquecounter 2019/12/15 v1.4 Provide unlimited unique counter (HO)
)
Package uniquecounter Info: New unique counter `rerunfilecheck' on input line 2
86.
)
\Hy@SectionHShift=\skip58
)
(/usr/share/texlive/texmf-dist/tex/latex/lastpage/lastpage.sty
Package: lastpage 2021/09/03 v1.2n Refers to last page's name (HMM; JPG)
)
(/usr/share/texlive/texmf-dist/tex/latex/tools/afterpage.sty
Package: afterpage 2014/10/28 v1.08 After-Page Package (DPC)
\AP@output=\toks18
\AP@partial=\box50
\AP@footins=\box51
)
(/usr/share/texlive/texmf-dist/tex/latex/changepage/changepage.sty
Package: changepage 2009/10/20 v1.0c check page and change page layout
\c@cp@cntr=\count273
\cp@tempcnt=\count274
)
(/usr/share/texlive/texmf-dist/tex/generic/soul/soul.sty
Package: soul 2003/11/17 v2.4 letterspacing/underlining (mf)
\SOUL@word=\toks19
\SOUL@lasttoken=\toks20
\SOUL@cmds=\toks21
\SOUL@buffer=\toks22
\SOUL@token=\toks23
\SOUL@spaceskip=\skip59
\SOUL@ttwidth=\dimen153
\SOUL@uldp=\dimen154
\SOUL@ulht=\dimen155
)
(/usr/share/texlive/texmf-dist/tex/latex/todonotes/todonotes.sty
Package: todonotes 2021/06/04 v1.1.5 Todonotes source and documentation.
Package: todonotes 2021/06/04

(/usr/share/texlive/texmf-dist/tex/latex/base/ifthen.sty
Package: ifthen 2020/11/24 v1.1c Standard LaTeX ifthen package (DPC)
)
(/usr/share/texlive/texmf-dist/tex/latex/xkeyval/xkeyval.sty
Package: xkeyval 2020/11/20 v2.8 package option processing (HA)

(/usr/share/texlive/texmf-dist/tex/generic/xkeyval/xkeyval.tex
(/usr/share/texlive/texmf-dist/tex/generic/xkeyval/xkvutils.tex
\XKV@toks=\toks24
\XKV@tempa@toks=\toks25
)
\XKV@depth=\count275
File: xkeyval.tex 2014/12/03 v2.7a key=value parser (HA)
))
(/usr/share/texlive/texmf-dist/tex/latex/xcolor/xcolor.sty
Package: xcolor 2021/10/31 v2.13 LaTeX color extensions (UK)

(/usr/share/texlive/texmf-dist/tex/latex/graphics-cfg/color.cfg
File: color.cfg 2016/01/02 v1.6 sample color configuration
)
Package xcolor Info: Driver file: pdftex.def on input line 227.
Package xcolor Info: Model `cmy' substituted by `cmy0' on input line 1352.
Package xcolor Info: Model `hsb' substituted by `rgb' on input line 1356.
Package xcolor Info: Model `RGB' extended on input line 1368.
Package xcolor Info: Model `HTML' substituted by `rgb' on input line 1370.
Package xcolor Info: Model `Hsb' substituted by `hsb' on input line 1371.
Package xcolor Info: Model `tHsb' substituted by `hsb' on input line 1372.
Package xcolor Info: Model `HSB' substituted by `hsb' on input line 1373.
Package xcolor Info: Model `Gray' substituted by `gray' on input line 1374.
Package xcolor Info: Model `wave' substituted by `hsb' on input line 1375.
)
(/usr/share/texlive/texmf-dist/tex/latex/pgf/frontendlayer/tikz.sty
(/usr/share/texlive/texmf-dist/tex/latex/pgf/basiclayer/pgf.sty
(/usr/share/texlive/texmf-dist/tex/latex/pgf/utilities/pgfrcs.sty
(/usr/share/texlive/texmf-dist/tex/generic/pgf/utilities/pgfutil-common.tex
\pgfutil@everybye=\toks26
\pgfutil@tempdima=\dimen156
\pgfutil@tempdimb=\dimen157

(/usr/share/texlive/texmf-dist/tex/generic/pgf/utilities/pgfutil-common-lists.t
ex)) (/usr/share/texlive/texmf-dist/tex/generic/pgf/utilities/pgfutil-latex.def
\pgfutil@abb=\box52
) (/usr/share/texlive/texmf-dist/tex/generic/pgf/utilities/pgfrcs.code.tex
(/usr/share/texlive/texmf-dist/tex/generic/pgf/pgf.revision.tex)
Package: pgfrcs 2021/05/15 v3.1.9a (3.1.9a)
))
Package: pgf 2021/05/15 v3.1.9a (3.1.9a)

(/usr/share/texlive/texmf-dist/tex/latex/pgf/basiclayer/pgfcore.sty
(/usr/share/texlive/texmf-dist/tex/latex/pgf/systemlayer/pgfsys.sty
(/usr/share/texlive/texmf-dist/tex/generic/pgf/systemlayer/pgfsys.code.tex
Package: pgfsys 2021/05/15 v3.1.9a (3.1.9a)

(/usr/share/texlive/texmf-dist/tex/generic/pgf/utilities/pgfkeys.code.tex
\pgfkeys@pathtoks=\toks27
\pgfkeys@temptoks=\toks28

(/usr/share/texlive/texmf-dist/tex/generic/pgf/utilities/pgfkeysfiltered.code.t
ex
\pgfkeys@tmptoks=\toks29
))
\pgf@x=\dimen158
\pgf@y=\dimen159
\pgf@xa=\dimen160
\pgf@ya=\dimen161
\pgf@xb=\dimen162
\pgf@yb=\dimen163
\pgf@xc=\dimen164
\pgf@yc=\dimen165
\pgf@xd=\dimen166
\pgf@yd=\dimen167
\w@pgf@writea=\write3
\r@pgf@reada=\read2
\c@pgf@counta=\count276
\c@pgf@countb=\count277
\c@pgf@countc=\count278
\c@pgf@countd=\count279
\t@pgf@toka=\toks30
\t@pgf@tokb=\toks31
\t@pgf@tokc=\toks32
\pgf@sys@id@count=\count280
 (/usr/share/texlive/texmf-dist/tex/generic/pgf/systemlayer/pgf.cfg
File: pgf.cfg 2021/05/15 v3.1.9a (3.1.9a)
)
Driver file for pgf: pgfsys-pdftex.def

(/usr/share/texlive/texmf-dist/tex/generic/pgf/systemlayer/pgfsys-pdftex.def
File: pgfsys-pdftex.def 2021/05/15 v3.1.9a (3.1.9a)

(/usr/share/texlive/texmf-dist/tex/generic/pgf/systemlayer/pgfsys-common-pdf.de
f
File: pgfsys-common-pdf.def 2021/05/15 v3.1.9a (3.1.9a)
)))
(/usr/share/texlive/texmf-dist/tex/generic/pgf/systemlayer/pgfsyssoftpath.code.
tex
File: pgfsyssoftpath.code.tex 2021/05/15 v3.1.9a (3.1.9a)
\pgfsyssoftpath@smallbuffer@items=\count281
\pgfsyssoftpath@bigbuffer@items=\count282
)
(/usr/share/texlive/texmf-dist/tex/generic/pgf/systemlayer/pgfsysprotocol.code.
tex
File: pgfsysprotocol.code.tex 2021/05/15 v3.1.9a (3.1.9a)
))
(/usr/share/texlive/texmf-dist/tex/generic/pgf/basiclayer/pgfcore.code.tex
Package: pgfcore 2021/05/15 v3.1.9a (3.1.9a)

(/usr/share/texlive/texmf-dist/tex/generic/pgf/math/pgfmath.code.tex
(/usr/share/texlive/texmf-dist/tex/generic/pgf/math/pgfmathcalc.code.tex
(/usr/share/texlive/texmf-dist/tex/generic/pgf/math/pgfmathutil.code.tex)
(/usr/share/texlive/texmf-dist/tex/generic/pgf/math/pgfmathparser.code.tex
\pgfmath@dimen=\dimen168
\pgfmath@count=\count283
\pgfmath@box=\box53
\pgfmath@toks=\toks33
\pgfmath@stack@operand=\toks34
\pgfmath@stack@operation=\toks35
)
(/usr/share/texlive/texmf-dist/tex/generic/pgf/math/pgfmathfunctions.code.tex
(/usr/share/texlive/texmf-dist/tex/generic/pgf/math/pgfmathfunctions.basic.code
.tex)
(/usr/share/texlive/texmf-dist/tex/generic/pgf/math/pgfmathfunctions.trigonomet
ric.code.tex)
(/usr/share/texlive/texmf-dist/tex/generic/pgf/math/pgfmathfunctions.random.cod
e.tex)
(/usr/share/texlive/texmf-dist/tex/generic/pgf/math/pgfmathfunctions.comparison
.code.tex)
(/usr/share/texlive/texmf-dist/tex/generic/pgf/math/pgfmathfunctions.base.code.
tex)
(/usr/share/texlive/texmf-dist/tex/generic/pgf/math/pgfmathfunctions.round.code
.tex)
(/usr/share/texlive/texmf-dist/tex/generic/pgf/math/pgfmathfunctions.misc.code.
tex)
(/usr/share/texlive/texmf-dist/tex/generic/pgf/math/pgfmathfunctions.integerari
thmetics.code.tex)))
(/usr/share/texlive/texmf-dist/tex/generic/pgf/math/pgfmathfloat.code.tex
\c@pgfmathroundto@lastzeros=\count284
))
(/usr/share/texlive/texmf-dist/tex/generic/pgf/math/pgfint.code.tex)
(/usr/share/texlive/texmf-dist/tex/generic/pgf/basiclayer/pgfcorepoints.code.te
x
File: pgfcorepoints.code.tex 2021/05/15 v3.1.9a (3.1.9a)
\pgf@picminx=\dimen169
\pgf@picmaxx=\dimen170
\pgf@picminy=\dimen171
\pgf@picmaxy=\dimen172
\pgf@pathminx=\dimen173
\pgf@pathmaxx=\dimen174
\pgf@pathminy=\dimen175
\pgf@pathmaxy=\dimen176
\pgf@xx=\dimen177
\pgf@xy=\dimen178
\pgf@yx=\dimen179
\pgf@yy=\dimen180
\pgf@zx=\dimen181
\pgf@zy=\dimen182
)
(/usr/share/texlive/texmf-dist/tex/generic/pgf/basiclayer/pgfcorepathconstruct.
code.tex
File: pgfcorepathconstruct.code.tex 2021/05/15 v3.1.9a (3.1.9a)
\pgf@path@lastx=\dimen183
\pgf@path@lasty=\dimen184
)
(/usr/share/texlive/texmf-dist/tex/generic/pgf/basiclayer/pgfcorepathusage.code
.tex
File: pgfcorepathusage.code.tex 2021/05/15 v3.1.9a (3.1.9a)
\pgf@shorten@end@additional=\dimen185
\pgf@shorten@start@additional=\dimen186
)
(/usr/share/texlive/texmf-dist/tex/generic/pgf/basiclayer/pgfcorescopes.code.te
x
File: pgfcorescopes.code.tex 2021/05/15 v3.1.9a (3.1.9a)
\pgfpic=\box54
\pgf@hbox=\box55
\pgf@layerbox@main=\box56
\pgf@picture@serial@count=\count285
)
(/usr/share/texlive/texmf-dist/tex/generic/pgf/basiclayer/pgfcoregraphicstate.c
ode.tex
File: pgfcoregraphicstate.code.tex 2021/05/15 v3.1.9a (3.1.9a)
\pgflinewidth=\dimen187
)
(/usr/share/texlive/texmf-dist/tex/generic/pgf/basiclayer/pgfcoretransformation
s.code.tex
File: pgfcoretransformations.code.tex 2021/05/15 v3.1.9a (3.1.9a)
\pgf@pt@x=\dimen188
\pgf@pt@y=\dimen189
\pgf@pt@temp=\dimen190
)
(/usr/share/texlive/texmf-dist/tex/generic/pgf/basiclayer/pgfcorequick.code.tex
File: pgfcorequick.code.tex 2021/05/15 v3.1.9a (3.1.9a)
)
(/usr/share/texlive/texmf-dist/tex/generic/pgf/basiclayer/pgfcoreobjects.code.t
ex
File: pgfcoreobjects.code.tex 2021/05/15 v3.1.9a (3.1.9a)
)
(/usr/share/texlive/texmf-dist/tex/generic/pgf/basiclayer/pgfcorepathprocessing
.code.tex
File: pgfcorepathprocessing.code.tex 2021/05/15 v3.1.9a (3.1.9a)
)
(/usr/share/texlive/texmf-dist/tex/generic/pgf/basiclayer/pgfcorearrows.code.te
x
File: pgfcorearrows.code.tex 2021/05/15 v3.1.9a (3.1.9a)
\pgfarrowsep=\dimen191
)
(/usr/share/texlive/texmf-dist/tex/generic/pgf/basiclayer/pgfcoreshade.code.tex
File: pgfcoreshade.code.tex 2021/05/15 v3.1.9a (3.1.9a)
\pgf@max=\dimen192
\pgf@sys@shading@range@num=\count286
\pgf@shadingcount=\count287
)
(/usr/share/texlive/texmf-dist/tex/generic/pgf/basiclayer/pgfcoreimage.code.tex
File: pgfcoreimage.code.tex 2021/05/15 v3.1.9a (3.1.9a)

(/usr/share/texlive/texmf-dist/tex/generic/pgf/basiclayer/pgfcoreexternal.code.
tex
File: pgfcoreexternal.code.tex 2021/05/15 v3.1.9a (3.1.9a)
\pgfexternal@startupbox=\box57
))
(/usr/share/texlive/texmf-dist/tex/generic/pgf/basiclayer/pgfcorelayers.code.te
x
File: pgfcorelayers.code.tex 2021/05/15 v3.1.9a (3.1.9a)
)
(/usr/share/texlive/texmf-dist/tex/generic/pgf/basiclayer/pgfcoretransparency.c
ode.tex
File: pgfcoretransparency.code.tex 2021/05/15 v3.1.9a (3.1.9a)
)
(/usr/share/texlive/texmf-dist/tex/generic/pgf/basiclayer/pgfcorepatterns.code.
tex
File: pgfcorepatterns.code.tex 2021/05/15 v3.1.9a (3.1.9a)
)
(/usr/share/texlive/texmf-dist/tex/generic/pgf/basiclayer/pgfcorerdf.code.tex
File: pgfcorerdf.code.tex 2021/05/15 v3.1.9a (3.1.9a)
)))
(/usr/share/texlive/texmf-dist/tex/generic/pgf/modules/pgfmoduleshapes.code.tex
File: pgfmoduleshapes.code.tex 2021/05/15 v3.1.9a (3.1.9a)
\pgfnodeparttextbox=\box58
) (/usr/share/texlive/texmf-dist/tex/generic/pgf/modules/pgfmoduleplot.code.tex
File: pgfmoduleplot.code.tex 2021/05/15 v3.1.9a (3.1.9a)
)
(/usr/share/texlive/texmf-dist/tex/latex/pgf/compatibility/pgfcomp-version-0-65
.sty
Package: pgfcomp-version-0-65 2021/05/15 v3.1.9a (3.1.9a)
\pgf@nodesepstart=\dimen193
\pgf@nodesepend=\dimen194
)
(/usr/share/texlive/texmf-dist/tex/latex/pgf/compatibility/pgfcomp-version-1-18
.sty
Package: pgfcomp-version-1-18 2021/05/15 v3.1.9a (3.1.9a)
)) (/usr/share/texlive/texmf-dist/tex/latex/pgf/utilities/pgffor.sty
(/usr/share/texlive/texmf-dist/tex/latex/pgf/utilities/pgfkeys.sty
(/usr/share/texlive/texmf-dist/tex/generic/pgf/utilities/pgfkeys.code.tex))
(/usr/share/texlive/texmf-dist/tex/latex/pgf/math/pgfmath.sty
(/usr/share/texlive/texmf-dist/tex/generic/pgf/math/pgfmath.code.tex))
(/usr/share/texlive/texmf-dist/tex/generic/pgf/utilities/pgffor.code.tex
Package: pgffor 2021/05/15 v3.1.9a (3.1.9a)

(/usr/share/texlive/texmf-dist/tex/generic/pgf/math/pgfmath.code.tex)
\pgffor@iter=\dimen195
\pgffor@skip=\dimen196
\pgffor@stack=\toks36
\pgffor@toks=\toks37
))
(/usr/share/texlive/texmf-dist/tex/generic/pgf/frontendlayer/tikz/tikz.code.tex
Package: tikz 2021/05/15 v3.1.9a (3.1.9a)

(/usr/share/texlive/texmf-dist/tex/generic/pgf/libraries/pgflibraryplothandlers
.code.tex
File: pgflibraryplothandlers.code.tex 2021/05/15 v3.1.9a (3.1.9a)
\pgf@plot@mark@count=\count288
\pgfplotmarksize=\dimen197
)
\tikz@lastx=\dimen198
\tikz@lasty=\dimen199
\tikz@lastxsaved=\dimen256
\tikz@lastysaved=\dimen257
\tikz@lastmovetox=\dimen258
\tikz@lastmovetoy=\dimen259
\tikzleveldistance=\dimen260
\tikzsiblingdistance=\dimen261
\tikz@figbox=\box59
\tikz@figbox@bg=\box60
\tikz@tempbox=\box61
\tikz@tempbox@bg=\box62
\tikztreelevel=\count289
\tikznumberofchildren=\count290
\tikznumberofcurrentchild=\count291
\tikz@fig@count=\count292

(/usr/share/texlive/texmf-dist/tex/generic/pgf/modules/pgfmodulematrix.code.tex
File: pgfmodulematrix.code.tex 2021/05/15 v3.1.9a (3.1.9a)
\pgfmatrixcurrentrow=\count293
\pgfmatrixcurrentcolumn=\count294
\pgf@matrix@numberofcolumns=\count295
)
\tikz@expandcount=\count296

(/usr/share/texlive/texmf-dist/tex/generic/pgf/frontendlayer/tikz/libraries/tik
zlibrarytopaths.code.tex
File: tikzlibrarytopaths.code.tex 2021/05/15 v3.1.9a (3.1.9a)
)))
(/usr/share/texlive/texmf-dist/tex/generic/pgf/frontendlayer/tikz/libraries/tik
zlibrarypositioning.code.tex
File: tikzlibrarypositioning.code.tex 2021/05/15 v3.1.9a (3.1.9a)
)
(/usr/share/texlive/texmf-dist/tex/latex/tools/calc.sty
Package: calc 2017/05/25 v4.3 Infix arithmetic (KKT,FJ)
\calc@Acount=\count297
\calc@Bcount=\count298
\calc@Adimen=\dimen262
\calc@Bdimen=\dimen263
\calc@Askip=\skip60
\calc@Bskip=\skip61
LaTeX Info: Redefining \setlength on input line 80.
LaTeX Info: Redefining \addtolength on input line 81.
\calc@Ccount=\count299
\calc@Cskip=\skip62
)
\c@@todonotes@numberoftodonotes=\count300
)
(/usr/share/texlive/texmf-dist/tex/latex/makecell/makecell.sty
Package: makecell 2009/08/03 V0.1e Managing of Tab Column Heads and Cells

(/usr/share/texlive/texmf-dist/tex/latex/tools/array.sty
Package: array 2021/10/04 v2.5f Tabular extension package (FMi)
\col@sep=\dimen264
\ar@mcellbox=\box63
\extrarowheight=\dimen265
\NC@list=\toks38
\extratabsurround=\skip63
\backup@length=\skip64
\ar@cellbox=\box64
)
\rotheadsize=\dimen266
\c@nlinenum=\count301
\TeXr@lab=\toks39
)
(/usr/share/texlive/texmf-dist/tex/latex/tools/tabularx.sty
Package: tabularx 2020/01/15 v2.11c `tabularx' package (DPC)
\TX@col@width=\dimen267
\TX@old@table=\dimen268
\TX@old@col=\dimen269
\TX@target=\dimen270
\TX@delta=\dimen271
\TX@cols=\count302
\TX@ftn=\toks40
)
(/usr/share/texlive/texmf-dist/tex/latex/notoccite/notoccite.sty
Package: notoccite 2000/07/20
)
(/usr/share/texlive/texmf-dist/tex/latex/wrapfig/wrapfig.sty
\wrapoverhang=\dimen272
\WF@size=\dimen273
\c@WF@wrappedlines=\count303
\WF@box=\box65
\WF@everypar=\toks41
Package: wrapfig 2003/01/31  v 3.6
)
(/usr/share/texlive/texmf-dist/tex/latex/csquotes/csquotes.sty
Package: csquotes 2021-02-22 v5.2l context-sensitive quotations (JAW)

(/usr/share/texlive/texmf-dist/tex/latex/etoolbox/etoolbox.sty
Package: etoolbox 2020/10/05 v2.5k e-TeX tools for LaTeX (JAW)
\etb@tempcnta=\count304
)
\csq@reset=\count305
\csq@gtype=\count306
\csq@glevel=\count307
\csq@qlevel=\count308
\csq@maxlvl=\count309
\csq@tshold=\count310
\csq@ltx@everypar=\toks42

(/usr/share/texlive/texmf-dist/tex/latex/csquotes/csquotes.def
File: csquotes.def 2021-02-22 v5.2l csquotes generic definitions (JAW)
)
Package csquotes Info: Trying to load configuration file 'csquotes.cfg'...
Package csquotes Info: ... configuration file loaded successfully.

(/usr/share/texlive/texmf-dist/tex/latex/csquotes/csquotes.cfg
File: csquotes.cfg 
))
(/usr/share/texlive/texmf-dist/tex/latex/framed/framed.sty
Package: framed 2011/10/22 v 0.96: framed or shaded text with page breaks
\OuterFrameSep=\skip65
\fb@frw=\dimen274
\fb@frh=\dimen275
\FrameRule=\dimen276
\FrameSep=\dimen277
)
(/usr/share/texlive/texmf-dist/tex/latex/listings/listings.sty
\lst@mode=\count311
\lst@gtempboxa=\box66
\lst@token=\toks43
\lst@length=\count312
\lst@currlwidth=\dimen278
\lst@column=\count313
\lst@pos=\count314
\lst@lostspace=\dimen279
\lst@width=\dimen280
\lst@newlines=\count315
\lst@lineno=\count316
\lst@maxwidth=\dimen281

(/usr/share/texlive/texmf-dist/tex/latex/listings/lstmisc.sty
File: lstmisc.sty 2020/03/24 1.8d (Carsten Heinz)
\c@lstnumber=\count317
\lst@skipnumbers=\count318
\lst@framebox=\box67
)
(/usr/share/texlive/texmf-dist/tex/latex/listings/listings.cfg
File: listings.cfg 2020/03/24 1.8d listings configuration
))
Package: listings 2020/03/24 1.8d (Carsten Heinz)
Package csquotes Info: Checking for multilingual support...
Package csquotes Info: ... none found.

(/usr/share/texlive/texmf-dist/tex/latex/l3backend/l3backend-pdftex.def
File: l3backend-pdftex.def 2022-01-12 L3 backend support: PDF output (pdfTeX)
\l__color_backend_stack_int=\count319
\l__pdf_internal_box=\box68
)
(./main.aux (./sections/Installation.aux) (./sections/sBLISS.aux)
(./sections/CHIPseq.aux) (./sections/bulkRNAseq.aux) (./sections/GLOEseq.aux)
(./sections/QC.aux) (./sections/Tools.aux) (./sections/File_types.aux)
(./sections/Miscellaneous.aux))
\openout1 = `main.aux'.

LaTeX Font Info:    Checking defaults for OML/cmm/m/it on input line 147.
LaTeX Font Info:    ... okay on input line 147.
LaTeX Font Info:    Checking defaults for OMS/cmsy/m/n on input line 147.
LaTeX Font Info:    ... okay on input line 147.
LaTeX Font Info:    Checking defaults for OT1/cmr/m/n on input line 147.
LaTeX Font Info:    ... okay on input line 147.
LaTeX Font Info:    Checking defaults for T1/cmr/m/n on input line 147.
LaTeX Font Info:    ... okay on input line 147.
LaTeX Font Info:    Checking defaults for TS1/cmr/m/n on input line 147.
LaTeX Font Info:    ... okay on input line 147.
LaTeX Font Info:    Checking defaults for OMX/cmex/m/n on input line 147.
LaTeX Font Info:    ... okay on input line 147.
LaTeX Font Info:    Checking defaults for U/cmr/m/n on input line 147.
LaTeX Font Info:    ... okay on input line 147.
LaTeX Font Info:    Checking defaults for PD1/pdf/m/n on input line 147.
LaTeX Font Info:    ... okay on input line 147.
LaTeX Font Info:    Checking defaults for PU/pdf/m/n on input line 147.
LaTeX Font Info:    ... okay on input line 147.

(/usr/share/texlive/texmf-dist/tex/context/base/mkii/supp-pdf.mkii
[Loading MPS to PDF converter (version 2006.09.02).]
\scratchcounter=\count320
\scratchdimen=\dimen282
\scratchbox=\box69
\nofMPsegments=\count321
\nofMParguments=\count322
\everyMPshowfont=\toks44
\MPscratchCnt=\count323
\MPscratchDim=\dimen283
\MPnumerator=\count324
\makeMPintoPDFobject=\count325
\everyMPtoPDFconversion=\toks45
) (/usr/share/texlive/texmf-dist/tex/latex/epstopdf-pkg/epstopdf-base.sty
Package: epstopdf-base 2020-01-24 v2.11 Base part for package epstopdf
Package epstopdf-base Info: Redefining graphics rule for `.eps' on input line 4
85.

(/usr/share/texlive/texmf-dist/tex/latex/latexconfig/epstopdf-sys.cfg
File: epstopdf-sys.cfg 2010/07/13 v1.3 Configuration of (r)epstopdf for TeX Liv
e
))
*geometry* driver: auto-detecting
*geometry* detected driver: pdftex
*geometry* verbose mode - [ preamble ] result:
* driver: pdftex
* paper: <default>
* layout: <same size as paper>
* layoutoffset:(h,v)=(0.0pt,0.0pt)
* modes: 
* h-part:(L,W,R)=(92.14519pt, 430.00462pt, 92.14519pt)
* v-part:(T,H,B)=(95.39737pt, 556.47656pt, 143.09605pt)
* \paperwidth=614.295pt
* \paperheight=794.96999pt
* \textwidth=430.00462pt
* \textheight=556.47656pt
* \oddsidemargin=19.8752pt
* \evensidemargin=19.8752pt
* \topmargin=-13.87262pt
* \headheight=12.0pt
* \headsep=25.0pt
* \topskip=11.0pt
* \footskip=30.0pt
* \marginparwidth=59.0pt
* \marginparsep=10.0pt
* \columnsep=10.0pt
* \skip\footins=10.0pt plus 4.0pt minus 2.0pt
* \hoffset=0.0pt
* \voffset=0.0pt
* \mag=1000
* \@twocolumnfalse
* \@twosidefalse
* \@mparswitchfalse
* \@reversemarginfalse
* (1in=72.27pt=25.4mm, 1cm=28.453pt)

Package hyperref Info: Link coloring OFF on input line 147.
(/usr/share/texlive/texmf-dist/tex/latex/hyperref/nameref.sty
Package: nameref 2021-04-02 v2.47 Cross-referencing by name of section

(/usr/share/texlive/texmf-dist/tex/latex/refcount/refcount.sty
Package: refcount 2019/12/15 v3.6 Data extraction from label references (HO)
)
(/usr/share/texlive/texmf-dist/tex/generic/gettitlestring/gettitlestring.sty
Package: gettitlestring 2019/12/15 v1.6 Cleanup title references (HO)
)
\c@section@level=\count326
)
LaTeX Info: Redefining \ref on input line 147.
LaTeX Info: Redefining \pageref on input line 147.
LaTeX Info: Redefining \nameref on input line 147.

(./main.out) (./main.out)
\@outlinefile=\write4
\openout4 = `main.out'.

Package lastpage Info: Please have a look at the pageslts package at
(lastpage)             https://www.ctan.org/pkg/pageslts
(lastpage)             ! on input line 147.
\c@lstlisting=\count327
LaTeX Font Info:    External font `cmex10' loaded for size
(Font)              <12> on input line 149.
LaTeX Font Info:    External font `cmex10' loaded for size
(Font)              <8> on input line 149.
LaTeX Font Info:    External font `cmex10' loaded for size
(Font)              <6> on input line 149.
 [1

{/var/lib/texmf/fonts/map/pdftex/updmap/pdftex.map}]
Package hyperref Info: bookmark level for unknown todo defaults to 0 on input l
ine 154.

Underfull \hbox (badness 10000) in paragraph at lines 153--155

 []

pdfTeX warning (ext4): destination with the same identifier (name{page.1}) has 
been already used, duplicate ignored
<to be read again> 
                   \relax 
l.161 \clearpage
                 [1] (./main.toc
LaTeX Font Info:    External font `cmex10' loaded for size
(Font)              <7> on input line 2.
LaTeX Font Info:    External font `cmex10' loaded for size
(Font)              <5> on input line 2.
 [2


])
\tf@toc=\write5
\openout5 = `main.toc'.

 [3]
\openout2 = `sections/Installation.aux'.

 (./sections/Installation.tex
LaTeX Font Info:    External font `cmex10' loaded for size
(Font)              <10.95> on input line 8.

Overfull \hbox (17.4229pt too wide) in paragraph at lines 6--9
\OT1/cmr/m/n/10.95 For more in-for-ma-tion, one can browse the conda web-site: 
[]$\OT1/cmtt/m/n/10.95 https : / / docs . conda . io / projects /
 []


Underfull \hbox (badness 10000) in paragraph at lines 6--9

 []


Underfull \hbox (badness 10000) in paragraph at lines 10--11

 []

) [4




]
\openout2 = `sections/sBLISS.aux'.

 (./sections/sBLISS.tex [5




]
<figures/sBLISS_workflow.png, id=359, 1279.78125pt x 1484.54625pt>
File: figures/sBLISS_workflow.png Graphic file (type png)
<use figures/sBLISS_workflow.png>
Package pdftex.def Info: figures/sBLISS_workflow.png  used on input line 26.
(pdftex.def)             Requested size: 341.42517pt x 398.3411pt.

Underfull \hbox (badness 10000) in paragraph at lines 33--34

 []

LaTeX Font Info:    Font shape `OT1/cmtt/bx/n' in size <10> not available
(Font)              Font shape `OT1/cmtt/m/n' tried instead on input line 37.
<CRESCO_1.png, id=367, 973.6375pt x 599.23875pt>
File: CRESCO_1.png Graphic file (type png)
<use CRESCO_1.png>
Package pdftex.def Info: CRESCO_1.png  used on input line 40.
(pdftex.def)             Requested size: 46.21854pt x 28.45274pt.

Package fancyhdr Warning: \headheight is too small (12.0pt): 
(fancyhdr)                Make it at least 32.53278pt, for example:
(fancyhdr)                \setlength{\headheight}{32.53278pt}.
(fancyhdr)                You might also make \topmargin smaller to compensate:

(fancyhdr)                \addtolength{\topmargin}{-20.53278pt}.

[6 <./CRESCO_1.png>]
File: CRESCO_1.png Graphic file (type png)
<use CRESCO_1.png>
Package pdftex.def Info: CRESCO_1.png  used on input line 40.
(pdftex.def)             Requested size: 46.21854pt x 28.45274pt.


Package fancyhdr Warning: \headheight is too small (12.0pt): 
(fancyhdr)                Make it at least 32.53278pt, for example:
(fancyhdr)                \setlength{\headheight}{32.53278pt}.
(fancyhdr)                You might also make \topmargin smaller to compensate:

(fancyhdr)                \addtolength{\topmargin}{-20.53278pt}.

[7 <./figures/sBLISS_workflow.png>]

LaTeX Warning: Marginpar on page 8 moved.

File: CRESCO_1.png Graphic file (type png)
<use CRESCO_1.png>
Package pdftex.def Info: CRESCO_1.png  used on input line 73.
(pdftex.def)             Requested size: 46.21854pt x 28.45274pt.

Package fancyhdr Warning: \headheight is too small (12.0pt): 
(fancyhdr)                Make it at least 32.53278pt, for example:
(fancyhdr)                \setlength{\headheight}{32.53278pt}.
(fancyhdr)                You might also make \topmargin smaller to compensate:

(fancyhdr)                \addtolength{\topmargin}{-20.53278pt}.

[8]
Underfull \hbox (badness 10000) in paragraph at lines 77--79

 []


Overfull \hbox (1.48154pt too wide) in paragraph at lines 90--92
[]\OT1/cmr/m/n/10.95 Prepare the pat-terns us-ing the sam-ple sheet. Note that 
I am us-ing the `test[]TK6[]hg19'
 []

File: CRESCO_1.png Graphic file (type png)
<use CRESCO_1.png>
Package pdftex.def Info: CRESCO_1.png  used on input line 97.
(pdftex.def)             Requested size: 46.21854pt x 28.45274pt.

Package fancyhdr Warning: \headheight is too small (12.0pt): 
(fancyhdr)                Make it at least 32.53278pt, for example:
(fancyhdr)                \setlength{\headheight}{32.53278pt}.
(fancyhdr)                You might also make \topmargin smaller to compensate:

(fancyhdr)                \addtolength{\topmargin}{-20.53278pt}.

[9]
File: CRESCO_1.png Graphic file (type png)
<use CRESCO_1.png>
Package pdftex.def Info: CRESCO_1.png  used on input line 114.
(pdftex.def)             Requested size: 46.21854pt x 28.45274pt.


Package fancyhdr Warning: \headheight is too small (12.0pt): 
(fancyhdr)                Make it at least 32.53278pt, for example:
(fancyhdr)                \setlength{\headheight}{32.53278pt}.
(fancyhdr)                You might also make \topmargin smaller to compensate:

(fancyhdr)                \addtolength{\topmargin}{-20.53278pt}.

[10])
File: CRESCO_1.png Graphic file (type png)
<use CRESCO_1.png>
Package pdftex.def Info: CRESCO_1.png  used on input line 175.
(pdftex.def)             Requested size: 46.21854pt x 28.45274pt.


Package fancyhdr Warning: \headheight is too small (12.0pt): 
(fancyhdr)                Make it at least 32.53278pt, for example:
(fancyhdr)                \setlength{\headheight}{32.53278pt}.
(fancyhdr)                You might also make \topmargin smaller to compensate:

(fancyhdr)                \addtolength{\topmargin}{-20.53278pt}.

[11]
\openout2 = `sections/CHIPseq.aux'.

 (./sections/CHIPseq.tex

LaTeX Warning: Citation `thorvaldsdottir2013integrative' on page 12 undefined o
n input line 9.

) [12




]
File: CRESCO_1.png Graphic file (type png)
<use CRESCO_1.png>
Package pdftex.def Info: CRESCO_1.png  used on input line 178.
(pdftex.def)             Requested size: 46.21854pt x 28.45274pt.


Package fancyhdr Warning: \headheight is too small (12.0pt): 
(fancyhdr)                Make it at least 32.53278pt, for example:
(fancyhdr)                \setlength{\headheight}{32.53278pt}.
(fancyhdr)                You might also make \topmargin smaller to compensate:

(fancyhdr)                \addtolength{\topmargin}{-20.53278pt}.

[13]
\openout2 = `sections/bulkRNAseq.aux'.

 (./sections/bulkRNAseq.tex

LaTeX Warning: Citation `liao2014featurecounts' on page 14 undefined on input l
ine 3.

LaTeX Font Info:    Trying to load font information for TS1+cmtt on input line 
13.
(/usr/share/texlive/texmf-dist/tex/latex/base/ts1cmtt.fd
File: ts1cmtt.fd 2019/12/16 v2.5j Standard LaTeX font definitions
)
Overfull \hbox (12.09456pt too wide) in paragraph at lines 17--19
[][][][][][][][][][][][][][][][][][][][][][][][][][][][][][][][][][] 
 []


Overfull \hbox (5.69383pt too wide) in paragraph at lines 23--24
[]\OT1/cmr/bx/n/10.95 /home/yohanl/A[]Projects/seq-toolbox/data[]processing/bul
k[]RNAseq.sh \OT1/cmr/m/n/10.95 -
 []

[14




]
Overfull \hbox (6.99368pt too wide) in paragraph at lines 25--26
[]\OT1/cmr/bx/n/10.95 /media/yohanl/Expansion/reference[]genomes/STAR/GRCh38/ \
OT1/cmr/m/n/10.95 - This is the
 []


Overfull \hbox (6.47194pt too wide) in paragraph at lines 26--27
[]\OT1/cmr/bx/n/10.95 /media/yohanl/Expansion/Lisa[]ALS[]dta/cat[]data \OT1/cmr
/m/n/10.95 - This is the di-rec-tory where
 []

File: CRESCO_1.png Graphic file (type png)
<use CRESCO_1.png>
Package pdftex.def Info: CRESCO_1.png  used on input line 41.
(pdftex.def)             Requested size: 46.21854pt x 28.45274pt.

Package fancyhdr Warning: \headheight is too small (12.0pt): 
(fancyhdr)                Make it at least 32.53278pt, for example:
(fancyhdr)                \setlength{\headheight}{32.53278pt}.
(fancyhdr)                You might also make \topmargin smaller to compensate:

(fancyhdr)                \addtolength{\topmargin}{-20.53278pt}.

[15]

LaTeX Warning: Citation `lefol2023tisa' on page 16 undefined on input line 56.


LaTeX Warning: Citation `lefol2023tisa' on page 16 undefined on input line 56.

)
File: CRESCO_1.png Graphic file (type png)
<use CRESCO_1.png>
Package pdftex.def Info: CRESCO_1.png  used on input line 181.
(pdftex.def)             Requested size: 46.21854pt x 28.45274pt.


Package fancyhdr Warning: \headheight is too small (12.0pt): 
(fancyhdr)                Make it at least 32.53278pt, for example:
(fancyhdr)                \setlength{\headheight}{32.53278pt}.
(fancyhdr)                You might also make \topmargin smaller to compensate:

(fancyhdr)                \addtolength{\topmargin}{-20.53278pt}.

[16]
\openout2 = `sections/GLOEseq.aux'.

 (./sections/GLOEseq.tex) [17




]
\openout2 = `sections/QC.aux'.

 (./sections/QC.tex
Underfull \hbox (badness 10000) in paragraph at lines 3--5

 []


Overfull \hbox (10.05202pt too wide) in paragraph at lines 14--16
\OT1/cmr/m/n/10.95 web-page ([]$\OT1/cmtt/m/n/10.95 https : / / hbctraining . g
ithub . io / Intro-[]to-[]rnaseq-[]hpc-[]salmon / lessons / qc _
 []

<figures/FastQC_per_base_sequence_quality.png, id=527, 663.47874pt x 481.8pt>
File: figures/FastQC_per_base_sequence_quality.png Graphic file (type png)
<use figures/FastQC_per_base_sequence_quality.png>
Package pdftex.def Info: figures/FastQC_per_base_sequence_quality.png  used on 
input line 20.
(pdftex.def)             Requested size: 215.0023pt x 156.12733pt.
[18




]
<figures/FastQC_per_base_seq_content.png, id=537, 832.10875pt x 592.2125pt>
File: figures/FastQC_per_base_seq_content.png Graphic file (type png)
<use figures/FastQC_per_base_seq_content.png>
Package pdftex.def Info: figures/FastQC_per_base_seq_content.png  used on input
 line 32.
(pdftex.def)             Requested size: 215.0023pt x 153.01375pt.
File: CRESCO_1.png Graphic file (type png)
<use CRESCO_1.png>
Package pdftex.def Info: CRESCO_1.png  used on input line 38.
(pdftex.def)             Requested size: 46.21854pt x 28.45274pt.


Package fancyhdr Warning: \headheight is too small (12.0pt): 
(fancyhdr)                Make it at least 32.53278pt, for example:
(fancyhdr)                \setlength{\headheight}{32.53278pt}.
(fancyhdr)                You might also make \topmargin smaller to compensate:

(fancyhdr)                \addtolength{\topmargin}{-20.53278pt}.

[19 <./figures/FastQC_per_base_sequence_quality.png> <./figures/FastQC_per_base
_seq_content.png>]
<figures/FastQC_GC_content.png, id=546, 832.10875pt x 592.2125pt>
File: figures/FastQC_GC_content.png Graphic file (type png)
<use figures/FastQC_GC_content.png>
Package pdftex.def Info: figures/FastQC_GC_content.png  used on input line 42.
(pdftex.def)             Requested size: 215.0023pt x 153.01375pt.
File: CRESCO_1.png Graphic file (type png)
<use CRESCO_1.png>
Package pdftex.def Info: CRESCO_1.png  used on input line 49.
(pdftex.def)             Requested size: 46.21854pt x 28.45274pt.


Package fancyhdr Warning: \headheight is too small (12.0pt): 
(fancyhdr)                Make it at least 32.53278pt, for example:
(fancyhdr)                \setlength{\headheight}{32.53278pt}.
(fancyhdr)                You might also make \topmargin smaller to compensate:

(fancyhdr)                \addtolength{\topmargin}{-20.53278pt}.

[20 <./figures/FastQC_GC_content.png>]
<figures/FastQC_seq_length_distribution.png, id=558, 832.10875pt x 580.1675pt>
File: figures/FastQC_seq_length_distribution.png Graphic file (type png)
<use figures/FastQC_seq_length_distribution.png>
Package pdftex.def Info: figures/FastQC_seq_length_distribution.png  used on in
put line 56.
(pdftex.def)             Requested size: 215.0023pt x 149.9016pt.

Overfull \hbox (1.14735pt too wide) in paragraph at lines 60--61
\OT1/cmtt/m/n/10.95 Help / 3 % 20Analysis % 20Modules / 7 % 20Sequence % 20Leng
th % 20Distribution . html$[]\OT1/cmr/m/n/10.95 ) shows
 []

<figures/FastQC_seq_dups.png, id=561, 833.1125pt x 590.205pt>
File: figures/FastQC_seq_dups.png Graphic file (type png)
<use figures/FastQC_seq_dups.png>
Package pdftex.def Info: figures/FastQC_seq_dups.png  used on input line 65.
(pdftex.def)             Requested size: 215.0023pt x 152.31494pt.
File: CRESCO_1.png Graphic file (type png)
<use CRESCO_1.png>
Package pdftex.def Info: CRESCO_1.png  used on input line 69.
(pdftex.def)             Requested size: 46.21854pt x 28.45274pt.

Package fancyhdr Warning: \headheight is too small (12.0pt): 
(fancyhdr)                Make it at least 32.53278pt, for example:
(fancyhdr)                \setlength{\headheight}{32.53278pt}.
(fancyhdr)                You might also make \topmargin smaller to compensate:

(fancyhdr)                \addtolength{\topmargin}{-20.53278pt}.

[21 <./figures/FastQC_seq_length_distribution.png>]
File: CRESCO_1.png Graphic file (type png)
<use CRESCO_1.png>
Package pdftex.def Info: CRESCO_1.png  used on input line 78.
(pdftex.def)             Requested size: 46.21854pt x 28.45274pt.


Package fancyhdr Warning: \headheight is too small (12.0pt): 
(fancyhdr)                Make it at least 32.53278pt, for example:
(fancyhdr)                \setlength{\headheight}{32.53278pt}.
(fancyhdr)                You might also make \topmargin smaller to compensate:

(fancyhdr)                \addtolength{\topmargin}{-20.53278pt}.

[22 <./figures/FastQC_seq_dups.png>]
Underfull \hbox (badness 10000) in paragraph at lines 84--87

 []

File: CRESCO_1.png Graphic file (type png)
<use CRESCO_1.png>
Package pdftex.def Info: CRESCO_1.png  used on input line 87.
(pdftex.def)             Requested size: 46.21854pt x 28.45274pt.

Package fancyhdr Warning: \headheight is too small (12.0pt): 
(fancyhdr)                Make it at least 32.53278pt, for example:
(fancyhdr)                \setlength{\headheight}{32.53278pt}.
(fancyhdr)                You might also make \topmargin smaller to compensate:

(fancyhdr)                \addtolength{\topmargin}{-20.53278pt}.

[23]
Overfull \hbox (4.80405pt too wide) in paragraph at lines 101--101
[]|\OT1/cmr/m/n/10 Reads| 
 []


Overfull \hbox (4.77483pt too wide) in paragraph at lines 101--101
[]|\OT1/cmr/m/n/10 Unmapped| 
 []


Overfull \hbox (3.49854pt too wide) in paragraph at lines 103--103
[]|\OT1/cmr/m/n/10 98403| 
 []


Overfull \hbox (3.49854pt too wide) in paragraph at lines 105--105
[]|\OT1/cmr/m/n/10 98403| 
 []


Overfull \hbox (3.49854pt too wide) in paragraph at lines 107--107
[]|\OT1/cmr/m/n/10 98403| 
 []


Overfull \hbox (3.49854pt too wide) in paragraph at lines 109--109
[]|\OT1/cmr/m/n/10 98403| 
 []


Overfull \hbox (3.49854pt too wide) in paragraph at lines 111--111
[]|\OT1/cmr/m/n/10 98403| 
 []


Overfull \hbox (3.49854pt too wide) in paragraph at lines 113--113
[]|\OT1/cmr/m/n/10 98403| 
 []


Overfull \hbox (4.22713pt too wide) in paragraph at lines 115--115
[]|\OT1/cmr/m/n/10 Arabidopsis| 
 []


Overfull \hbox (3.49854pt too wide) in paragraph at lines 115--115
[]|\OT1/cmr/m/n/10 98403| 
 []


Overfull \hbox (3.49854pt too wide) in paragraph at lines 117--117
[]|\OT1/cmr/m/n/10 98403| 
 []


Overfull \hbox (3.49854pt too wide) in paragraph at lines 119--119
[]|\OT1/cmr/m/n/10 98403| 
 []


Overfull \hbox (3.49854pt too wide) in paragraph at lines 121--121
[]|\OT1/cmr/m/n/10 98403| 
 []


Overfull \hbox (3.49854pt too wide) in paragraph at lines 123--123
[]|\OT1/cmr/m/n/10 98403| 
 []


Overfull \hbox (3.49854pt too wide) in paragraph at lines 125--125
[]|\OT1/cmr/m/n/10 98403| 
 []


Overfull \hbox (3.49854pt too wide) in paragraph at lines 127--127
[]|\OT1/cmr/m/n/10 98403| 
 []


Overfull \hbox (3.49854pt too wide) in paragraph at lines 129--129
[]|\OT1/cmr/m/n/10 98403| 
 []


Overfull \hbox (1.19374pt too wide) in paragraph at lines 99--133
[][]
 []


Overfull \hbox (87.57555pt too wide) in paragraph at lines 136--140
\OT1/cmr/m/n/10.95 42 ([]$\OT1/cmtt/m/n/10.95 https : / / www . acgt . me / blo
g / 2014 / 12 / 16 / understanding-[]mapq-[]scores-[]in-[]sam-[]files-[]does-[]
37-[]42$[]\OT1/cmr/m/n/10.95 ).
 []

File: CRESCO_1.png Graphic file (type png)
<use CRESCO_1.png>
Package pdftex.def Info: CRESCO_1.png  used on input line 140.
(pdftex.def)             Requested size: 46.21854pt x 28.45274pt.

Package fancyhdr Warning: \headheight is too small (12.0pt): 
(fancyhdr)                Make it at least 32.53278pt, for example:
(fancyhdr)                \setlength{\headheight}{32.53278pt}.
(fancyhdr)                You might also make \topmargin smaller to compensate:

(fancyhdr)                \addtolength{\topmargin}{-20.53278pt}.

[24

]
Underfull \hbox (badness 10000) in paragraph at lines 142--143

 []

<figures/bamqc_coverage.png, id=600, 750.805pt x 555.07375pt>
File: figures/bamqc_coverage.png Graphic file (type png)
<use figures/bamqc_coverage.png>
Package pdftex.def Info: figures/bamqc_coverage.png  used on input line 147.
(pdftex.def)             Requested size: 215.0023pt x 158.95146pt.
File: CRESCO_1.png Graphic file (type png)
<use CRESCO_1.png>
Package pdftex.def Info: CRESCO_1.png  used on input line 153.
(pdftex.def)             Requested size: 46.21854pt x 28.45274pt.

Package fancyhdr Warning: \headheight is too small (12.0pt): 
(fancyhdr)                Make it at least 32.53278pt, for example:
(fancyhdr)                \setlength{\headheight}{32.53278pt}.
(fancyhdr)                You might also make \topmargin smaller to compensate:

(fancyhdr)                \addtolength{\topmargin}{-20.53278pt}.

[25 <./figures/bamqc_coverage.png>]
<figures/bamqc_homopolymer.png, id=611, 750.805pt x 555.07375pt>
File: figures/bamqc_homopolymer.png Graphic file (type png)
<use figures/bamqc_homopolymer.png>
Package pdftex.def Info: figures/bamqc_homopolymer.png  used on input line 157.

(pdftex.def)             Requested size: 215.0023pt x 158.95146pt.
<figures/bamqc_mapq.png, id=615, 750.805pt x 555.07375pt>
File: figures/bamqc_mapq.png Graphic file (type png)
<use figures/bamqc_mapq.png>
Package pdftex.def Info: figures/bamqc_mapq.png  used on input line 166.
(pdftex.def)             Requested size: 215.0023pt x 158.95146pt.
File: CRESCO_1.png Graphic file (type png)
<use CRESCO_1.png>
Package pdftex.def Info: CRESCO_1.png  used on input line 170.
(pdftex.def)             Requested size: 46.21854pt x 28.45274pt.


Package fancyhdr Warning: \headheight is too small (12.0pt): 
(fancyhdr)                Make it at least 32.53278pt, for example:
(fancyhdr)                \setlength{\headheight}{32.53278pt}.
(fancyhdr)                You might also make \topmargin smaller to compensate:

(fancyhdr)                \addtolength{\topmargin}{-20.53278pt}.

[26 <./figures/bamqc_homopolymer.png>])
File: CRESCO_1.png Graphic file (type png)
<use CRESCO_1.png>
Package pdftex.def Info: CRESCO_1.png  used on input line 187.
(pdftex.def)             Requested size: 46.21854pt x 28.45274pt.


Package fancyhdr Warning: \headheight is too small (12.0pt): 
(fancyhdr)                Make it at least 32.53278pt, for example:
(fancyhdr)                \setlength{\headheight}{32.53278pt}.
(fancyhdr)                You might also make \topmargin smaller to compensate:

(fancyhdr)                \addtolength{\topmargin}{-20.53278pt}.

[27 <./figures/bamqc_mapq.png>]
\openout2 = `sections/Tools.aux'.

 (./sections/Tools.tex
Underfull \hbox (badness 10000) in paragraph at lines 5--6

 []

[28




]
File: CRESCO_1.png Graphic file (type png)
<use CRESCO_1.png>
Package pdftex.def Info: CRESCO_1.png  used on input line 31.
(pdftex.def)             Requested size: 46.21854pt x 28.45274pt.


Package fancyhdr Warning: \headheight is too small (12.0pt): 
(fancyhdr)                Make it at least 32.53278pt, for example:
(fancyhdr)                \setlength{\headheight}{32.53278pt}.
(fancyhdr)                You might also make \topmargin smaller to compensate:

(fancyhdr)                \addtolength{\topmargin}{-20.53278pt}.

[29]
Underfull \hbox (badness 10000) in paragraph at lines 55--56

 []


Underfull \hbox (badness 10000) in paragraph at lines 69--70

 []

File: CRESCO_1.png Graphic file (type png)
<use CRESCO_1.png>
Package pdftex.def Info: CRESCO_1.png  used on input line 70.
(pdftex.def)             Requested size: 46.21854pt x 28.45274pt.

Package fancyhdr Warning: \headheight is too small (12.0pt): 
(fancyhdr)                Make it at least 32.53278pt, for example:
(fancyhdr)                \setlength{\headheight}{32.53278pt}.
(fancyhdr)                You might also make \topmargin smaller to compensate:

(fancyhdr)                \addtolength{\topmargin}{-20.53278pt}.

[30]
File: CRESCO_1.png Graphic file (type png)
<use CRESCO_1.png>
Package pdftex.def Info: CRESCO_1.png  used on input line 86.
(pdftex.def)             Requested size: 46.21854pt x 28.45274pt.


Package fancyhdr Warning: \headheight is too small (12.0pt): 
(fancyhdr)                Make it at least 32.53278pt, for example:
(fancyhdr)                \setlength{\headheight}{32.53278pt}.
(fancyhdr)                You might also make \topmargin smaller to compensate:

(fancyhdr)                \addtolength{\topmargin}{-20.53278pt}.

[31]
<figures/MACS3_peakcall_output.png, id=700, 785.93625pt x 289.08pt>
File: figures/MACS3_peakcall_output.png Graphic file (type png)
<use figures/MACS3_peakcall_output.png>
Package pdftex.def Info: figures/MACS3_peakcall_output.png  used on input line 
95.
(pdftex.def)             Requested size: 430.00462pt x 158.1652pt.

Overfull \hbox (14.96997pt too wide) in paragraph at lines 88--100
\OT1/cmtt/m/n/10.95 Peak _ Calling . html$[]\OT1/cmr/m/n/10.95 ) and here ([]$\
OT1/cmtt/m/n/10.95 https : / / macs3-[]project . github . io / MACS / docs / ca
llpeak .
 []

File: CRESCO_1.png Graphic file (type png)
<use CRESCO_1.png>
Package pdftex.def Info: CRESCO_1.png  used on input line 100.
(pdftex.def)             Requested size: 46.21854pt x 28.45274pt.

Package fancyhdr Warning: \headheight is too small (12.0pt): 
(fancyhdr)                Make it at least 32.53278pt, for example:
(fancyhdr)                \setlength{\headheight}{32.53278pt}.
(fancyhdr)                You might also make \topmargin smaller to compensate:

(fancyhdr)                \addtolength{\topmargin}{-20.53278pt}.

[32]
Underfull \hbox (badness 10000) in paragraph at lines 102--103

 []

File: CRESCO_1.png Graphic file (type png)
<use CRESCO_1.png>
Package pdftex.def Info: CRESCO_1.png  used on input line 110.
(pdftex.def)             Requested size: 46.21854pt x 28.45274pt.

Package fancyhdr Warning: \headheight is too small (12.0pt): 
(fancyhdr)                Make it at least 32.53278pt, for example:
(fancyhdr)                \setlength{\headheight}{32.53278pt}.
(fancyhdr)                You might also make \topmargin smaller to compensate:

(fancyhdr)                \addtolength{\topmargin}{-20.53278pt}.

[33 <./figures/MACS3_peakcall_output.png>]

LaTeX Warning: Citation `liao2014featurecounts' on page 34 undefined on input l
ine 113.

)
File: CRESCO_1.png Graphic file (type png)
<use CRESCO_1.png>
Package pdftex.def Info: CRESCO_1.png  used on input line 190.
(pdftex.def)             Requested size: 46.21854pt x 28.45274pt.


Package fancyhdr Warning: \headheight is too small (12.0pt): 
(fancyhdr)                Make it at least 32.53278pt, for example:
(fancyhdr)                \setlength{\headheight}{32.53278pt}.
(fancyhdr)                You might also make \topmargin smaller to compensate:

(fancyhdr)                \addtolength{\topmargin}{-20.53278pt}.

[34]
\openout2 = `sections/File_types.aux'.

 (./sections/File_types.tex [35




])
File: CRESCO_1.png Graphic file (type png)
<use CRESCO_1.png>
Package pdftex.def Info: CRESCO_1.png  used on input line 193.
(pdftex.def)             Requested size: 46.21854pt x 28.45274pt.


Package fancyhdr Warning: \headheight is too small (12.0pt): 
(fancyhdr)                Make it at least 32.53278pt, for example:
(fancyhdr)                \setlength{\headheight}{32.53278pt}.
(fancyhdr)                You might also make \topmargin smaller to compensate:

(fancyhdr)                \addtolength{\topmargin}{-20.53278pt}.

[36]
\openout2 = `sections/Miscellaneous.aux'.

 (./sections/Miscellaneous.texpdfTeX warning (ext4): destination with the same 
identifier (name{section.8.1}) has been already used, duplicate ignored
<to be read again> 
                   \relax 
l.3 ...gle-end vs Paired-end \label{sec:SE_vs_PE}}
                                                  
<figures/PE_SE.png, id=738, 644.4075pt x 195.73125pt>
File: figures/PE_SE.png Graphic file (type png)
<use figures/PE_SE.png>
Package pdftex.def Info: figures/PE_SE.png  used on input line 6.
(pdftex.def)             Requested size: 215.0023pt x 65.3053pt.
pdfTeX warning (ext4): destination with the same identifier (name{section.8.2})
 has been already used, duplicate ignored
<to be read again> 
                   \relax 
l.13 \section{Glogg \label{sec:glogg}}
                                       [37




 <./figures/PE_SE.png>]
Underfull \hbox (badness 10000) in paragraph at lines 17--18

 []

File: CRESCO_1.png Graphic file (type png)
<use CRESCO_1.png>
Package pdftex.def Info: CRESCO_1.png  used on input line 35.
(pdftex.def)             Requested size: 46.21854pt x 28.45274pt.

Package fancyhdr Warning: \headheight is too small (12.0pt): 
(fancyhdr)                Make it at least 32.53278pt, for example:
(fancyhdr)                \setlength{\headheight}{32.53278pt}.
(fancyhdr)                You might also make \topmargin smaller to compensate:

(fancyhdr)                \addtolength{\topmargin}{-20.53278pt}.

[38]
File: CRESCO_1.png Graphic file (type png)
<use CRESCO_1.png>
Package pdftex.def Info: CRESCO_1.png  used on input line 55.
(pdftex.def)             Requested size: 46.21854pt x 28.45274pt.


Package fancyhdr Warning: \headheight is too small (12.0pt): 
(fancyhdr)                Make it at least 32.53278pt, for example:
(fancyhdr)                \setlength{\headheight}{32.53278pt}.
(fancyhdr)                You might also make \topmargin smaller to compensate:

(fancyhdr)                \addtolength{\topmargin}{-20.53278pt}.

[39])
File: CRESCO_1.png Graphic file (type png)
<use CRESCO_1.png>
Package pdftex.def Info: CRESCO_1.png  used on input line 196.
(pdftex.def)             Requested size: 46.21854pt x 28.45274pt.


Package fancyhdr Warning: \headheight is too small (12.0pt): 
(fancyhdr)                Make it at least 32.53278pt, for example:
(fancyhdr)                \setlength{\headheight}{32.53278pt}.
(fancyhdr)                You might also make \topmargin smaller to compensate:

(fancyhdr)                \addtolength{\topmargin}{-20.53278pt}.

[40] (./main.bbl [41




]
File: CRESCO_1.png Graphic file (type png)
<use CRESCO_1.png>
Package pdftex.def Info: CRESCO_1.png  used on input line 141.
(pdftex.def)             Requested size: 46.21854pt x 28.45274pt.


Package fancyhdr Warning: \headheight is too small (12.0pt): 
(fancyhdr)                Make it at least 32.53278pt, for example:
(fancyhdr)                \setlength{\headheight}{32.53278pt}.
(fancyhdr)                You might also make \topmargin smaller to compensate:

(fancyhdr)                \addtolength{\topmargin}{-20.53278pt}.

[42]) 
AED: lastpage setting LastPage
File: CRESCO_1.png Graphic file (type png)
<use CRESCO_1.png>
Package pdftex.def Info: CRESCO_1.png  used on input line 203.
(pdftex.def)             Requested size: 46.21854pt x 28.45274pt.

Package fancyhdr Warning: \headheight is too small (12.0pt): 
(fancyhdr)                Make it at least 32.53278pt, for example:
(fancyhdr)                \setlength{\headheight}{32.53278pt}.
(fancyhdr)                You might also make \topmargin smaller to compensate:

(fancyhdr)                \addtolength{\topmargin}{-20.53278pt}.

[43] (./main.aux (./sections/Installation.aux) (./sections/sBLISS.aux)
(./sections/CHIPseq.aux) (./sections/bulkRNAseq.aux) (./sections/GLOEseq.aux)
(./sections/QC.aux) (./sections/Tools.aux) (./sections/File_types.aux)
(./sections/Miscellaneous.aux))

LaTeX Warning: There were undefined references.


LaTeX Warning: Label(s) may have changed. Rerun to get cross-references right.

Package rerunfilecheck Info: File `main.out' has not changed.
(rerunfilecheck)             Checksum: 6EF94E113120D939591EA51A84E3FA1C;9093.
 ) 
Here is how much of TeX's memory you used:
 24272 strings out of 478287
 448483 string characters out of 5849288
 758633 words of memory out of 5000000
 41778 multiletter control sequences out of 15000+600000
 477490 words of font info for 56 fonts, out of 8000000 for 9000
 1141 hyphenation exceptions out of 8191
 99i,17n,94p,1485b,1963s stack positions out of 5000i,500n,10000p,200000b,80000s
{/usr/share/texmf/fonts/enc/dvips/cm-super/cm-super-ts1.enc}</usr/share/texli
ve/texmf-dist/fonts/type1/public/amsfonts/cm/cmbx10.pfb></usr/share/texlive/tex
mf-dist/fonts/type1/public/amsfonts/cm/cmbx12.pfb></usr/share/texlive/texmf-dis
t/fonts/type1/public/amsfonts/cm/cmitt10.pfb></usr/share/texlive/texmf-dist/fon
ts/type1/public/amsfonts/cm/cmmi10.pfb></usr/share/texlive/texmf-dist/fonts/typ
e1/public/amsfonts/cm/cmr10.pfb></usr/share/texlive/texmf-dist/fonts/type1/publ
ic/amsfonts/cm/cmr12.pfb></usr/share/texlive/texmf-dist/fonts/type1/public/amsf
onts/cm/cmr17.pfb></usr/share/texlive/texmf-dist/fonts/type1/public/amsfonts/cm
/cmr6.pfb></usr/share/texlive/texmf-dist/fonts/type1/public/amsfonts/cm/cmti10.
pfb></usr/share/texlive/texmf-dist/fonts/type1/public/amsfonts/cm/cmtt10.pfb></
usr/share/texmf/fonts/type1/public/cm-super/sfbx1095.pfb></usr/share/texmf/font
s/type1/public/cm-super/sfrm1095.pfb></usr/share/texmf/fonts/type1/public/cm-su
per/sftt1000.pfb>
Output written on main.pdf (44 pages, 1196247 bytes).
PDF statistics:
 904 PDF objects out of 1000 (max. 8388607)
 798 compressed objects within 8 object streams
 216 named destinations out of 1000 (max. 500000)
 561 words of extra memory for PDF output out of 10000 (max. 10000000)

